<?xml version='1.0' encoding='UTF-8'?>
<testsuite hostname="kshum-mn1.linkedin.biz" name="funsets.FunSetSuite" tests="10" errors="0" failures="0" skipped="0" time="0.144">
                     <properties>
[...]
</properties>
                     <testcase classname="funsets.FunSetSuite" name="contains is implemented" time="0.01">
                                                 
                                               </testcase><testcase classname="funsets.FunSetSuite" name="singletonSet(1) contains 1" time="0.001">
                                                 
                                               </testcase><testcase classname="funsets.FunSetSuite" name="union contains all elements of each set" time="0.001">
                                                 
                                               </testcase><testcase classname="funsets.FunSetSuite" name="intersect contains elements exist in both sets" time="0.0">
                                                 
                                               </testcase><testcase classname="funsets.FunSetSuite" name="diff contains elements exist in both sets" time="0.0">
                                                 
                                               </testcase><testcase classname="funsets.FunSetSuite" name="filter contains elements exist in both sets" time="0.001">
                                                 
                                               </testcase><testcase classname="funsets.FunSetSuite" name="forall: poisitive test of set of 1000" time="0.002">
                                                 
                                               </testcase><testcase classname="funsets.FunSetSuite" name="forall: negative test of set of 1000" time="0.0">
                                                 
                                               </testcase><testcase classname="funsets.FunSetSuite" name="exists: Returns whether there exists a bounded integer" time="0.002">
                                                 
                                               </testcase><testcase classname="funsets.FunSetSuite" name="map: map all elements in a set to another set of elements" time="0.127">
                                                 
                                               </testcase>
                     <system-out></system-out>
                     <system-err></system-err>
                   </testsuite>